# JRE version: OpenJDK Runtime Environment Microsoft-8902769 (17.0.10+7) (build 17.0.10+7-LTS)
# Java VM: OpenJDK 64-Bit Server VM Microsoft-8902769 (17.0.10+7-LTS, mixed mode, sharing, tiered, compressed oops, compressed class ptrs, g1 gc, windows-amd64)
GC Precious Log:
 CPUs: 4 total, 4 available
 Memory: 4026M
 Large Page Support: Disabled
 NUMA Support: Disabled
 Compressed Oops: Enabled (32-bit)
 Heap Region Size: 1M
 Heap Min Capacity: 8M
 Heap Initial Capacity: 64M
 Heap Max Capacity: 2G
 Pre-touch: Disabled
 Parallel Workers: 4
 Concurrent Workers: 1
 Concurrent Refinement Workers: 4
 Periodic GC: Disabled
Heap:
 garbage-first heap   total 414720K, used 324806K [0x0000000080000000, 0x0000000100000000)
  region size 1024K, 90 young (92160K), 13 survivors (13312K)
 Metaspace       used 133855K, committed 135360K, reserved 557056K
  class space    used 18457K, committed 19136K, reserved 425984K
GC Heap History (20 events):
Event: 881.324 GC heap before
{Heap before GC invocations=70 (full 0):
 garbage-first heap   total 287744K, used 234099K [0x0000000080000000, 0x0000000100000000)
  region size 1024K, 73 young (74752K), 6 survivors (6144K)
 Metaspace       used 126075K, committed 127296K, reserved 557056K
  class space    used 17501K, committed 18112K, reserved 425984K
}
Event: 881.359 GC heap after
{Heap after GC invocations=71 (full 0):
 garbage-first heap   total 287744K, used 172232K [0x0000000080000000, 0x0000000100000000)
  region size 1024K, 7 young (7168K), 7 survivors (7168K)
 Metaspace       used 126075K, committed 127296K, reserved 557056K
  class space    used 17501K, committed 18112K, reserved 425984K
}
Event: 882.703 GC heap before
{Heap before GC invocations=71 (full 0):
 garbage-first heap   total 287744K, used 235720K [0x0000000080000000, 0x0000000100000000)
  region size 1024K, 69 young (70656K), 7 survivors (7168K)
 Metaspace       used 126312K, committed 127552K, reserved 557056K
  class space    used 17523K, committed 18112K, reserved 425984K
}
Event: 882.747 GC heap after
{Heap after GC invocations=72 (full 0):
 garbage-first heap   total 287744K, used 183214K [0x0000000080000000, 0x0000000100000000)
  region size 1024K, 9 young (9216K), 9 survivors (9216K)
 Metaspace       used 126312K, committed 127552K, reserved 557056K
  class space    used 17523K, committed 18112K, reserved 425984K
}
Event: 885.958 GC heap before
{Heap before GC invocations=73 (full 0):
 garbage-first heap   total 345088K, used 232366K [0x0000000080000000, 0x0000000100000000)
  region size 1024K, 57 young (58368K), 9 survivors (9216K)
 Metaspace       used 126713K, committed 128000K, reserved 557056K
  class space    used 17561K, committed 18176K, reserved 425984K
}
Event: 886.045 GC heap after
{Heap after GC invocations=74 (full 0):
 garbage-first heap   total 345088K, used 192879K [0x0000000080000000, 0x0000000100000000)
  region size 1024K, 8 young (8192K), 8 survivors (8192K)
 Metaspace       used 126713K, committed 128000K, reserved 557056K
  class space    used 17561K, committed 18176K, reserved 425984K
}
Event: 886.511 GC heap before
{Heap before GC invocations=74 (full 0):
 garbage-first heap   total 345088K, used 201071K [0x0000000080000000, 0x0000000100000000)
  region size 1024K, 16 young (16384K), 8 survivors (8192K)
 Metaspace       used 126842K, committed 128128K, reserved 557056K
  class space    used 17579K, committed 18176K, reserved 425984K
}
Event: 886.545 GC heap after
{Heap after GC invocations=75 (full 0):
 garbage-first heap   total 414720K, used 195508K [0x0000000080000000, 0x0000000100000000)
  region size 1024K, 2 young (2048K), 2 survivors (2048K)
 Metaspace       used 126842K, committed 128128K, reserved 557056K
  class space    used 17579K, committed 18176K, reserved 425984K
}
Event: 894.941 GC heap before
{Heap before GC invocations=75 (full 0):
 garbage-first heap   total 414720K, used 320436K [0x0000000080000000, 0x0000000100000000)
  region size 1024K, 123 young (125952K), 2 survivors (2048K)
 Metaspace       used 131425K, committed 132736K, reserved 557056K
  class space    used 18216K, committed 18816K, reserved 425984K
}
Event: 895.013 GC heap after
{Heap after GC invocations=76 (full 0):
 garbage-first heap   total 414720K, used 214016K [0x0000000080000000, 0x0000000100000000)
  region size 1024K, 16 young (16384K), 16 survivors (16384K)
 Metaspace       used 131425K, committed 132736K, reserved 557056K
  class space    used 18216K, committed 18816K, reserved 425984K
}
Event: 901.139 GC heap before
{Heap before GC invocations=76 (full 0):
 garbage-first heap   total 414720K, used 323584K [0x0000000080000000, 0x0000000100000000)
  region size 1024K, 123 young (125952K), 16 survivors (16384K)
 Metaspace       used 132605K, committed 133952K, reserved 557056K
  class space    used 18322K, committed 18944K, reserved 425984K
}
Event: 901.414 GC heap after
{Heap after GC invocations=77 (full 0):
 garbage-first heap   total 414720K, used 228402K [0x0000000080000000, 0x0000000100000000)
  region size 1024K, 15 young (15360K), 15 survivors (15360K)
 Metaspace       used 132605K, committed 133952K, reserved 557056K
  class space    used 18322K, committed 18944K, reserved 425984K
}
Event: 906.135 GC heap before
{Heap before GC invocations=77 (full 0):
 garbage-first heap   total 414720K, used 324658K [0x0000000080000000, 0x0000000100000000)
  region size 1024K, 110 young (112640K), 15 survivors (15360K)
 Metaspace       used 133088K, committed 134464K, reserved 557056K
  class space    used 18378K, committed 19008K, reserved 425984K
}
Event: 906.217 GC heap after
{Heap after GC invocations=78 (full 0):
 garbage-first heap   total 414720K, used 235520K [0x0000000080000000, 0x0000000100000000)
  region size 1024K, 7 young (7168K), 7 survivors (7168K)
 Metaspace       used 133088K, committed 134464K, reserved 557056K
  class space    used 18378K, committed 19008K, reserved 425984K
}
Event: 908.968 GC heap before
{Heap before GC invocations=78 (full 0):
 garbage-first heap   total 414720K, used 337920K [0x0000000080000000, 0x0000000100000000)
  region size 1024K, 107 young (109568K), 7 survivors (7168K)
 Metaspace       used 133089K, committed 134464K, reserved 557056K
  class space    used 18378K, committed 19008K, reserved 425984K
}
Event: 909.011 GC heap after
{Heap after GC invocations=79 (full 0):
 garbage-first heap   total 414720K, used 238986K [0x0000000080000000, 0x0000000100000000)
  region size 1024K, 11 young (11264K), 11 survivors (11264K)
 Metaspace       used 133089K, committed 134464K, reserved 557056K
  class space    used 18378K, committed 19008K, reserved 425984K
}
Event: 912.598 GC heap before
{Heap before GC invocations=79 (full 0):
 garbage-first heap   total 414720K, used 340362K [0x0000000080000000, 0x0000000100000000)
  region size 1024K, 111 young (113664K), 11 survivors (11264K)
 Metaspace       used 133356K, committed 134784K, reserved 557056K
  class space    used 18411K, committed 19072K, reserved 425984K
}
Event: 912.647 GC heap after
{Heap after GC invocations=80 (full 0):
 garbage-first heap   total 414720K, used 243712K [0x0000000080000000, 0x0000000100000000)
  region size 1024K, 11 young (11264K), 11 survivors (11264K)
 Metaspace       used 133356K, committed 134784K, reserved 557056K
  class space    used 18411K, committed 19072K, reserved 425984K
}
Event: 916.630 GC heap before
{Heap before GC invocations=80 (full 0):
 garbage-first heap   total 414720K, used 344064K [0x0000000080000000, 0x0000000100000000)
  region size 1024K, 110 young (112640K), 11 survivors (11264K)
 Metaspace       used 133693K, committed 135232K, reserved 557056K
  class space    used 18441K, committed 19136K, reserved 425984K
}
Event: 916.705 GC heap after
{Heap after GC invocations=81 (full 0):
 garbage-first heap   total 414720K, used 249030K [0x0000000080000000, 0x0000000100000000)
  region size 1024K, 13 young (13312K), 13 survivors (13312K)
 Metaspace       used 133693K, committed 135232K, reserved 557056K
  class space    used 18441K, committed 19136K, reserved 425984K
}

